*** Starting uWSGI 2.0.17 (64bit) on [Thu Mar 15 16:27:00 2018] ***
compiled with version: 4.5.3 on 15 March 2018 08:25:19
os: Linux-3.13.0-32-generic #57~precise1-Ubuntu SMP Tue Jul 15 03:51:20 UTC 2014
nodename: mongodbdev
machine: x86_64
clock source: unix
detected number of CPU cores: 1
current working directory: /home/wsq/buptQuestionnaire-python
detected binary path: /home/wsq/miniconda3/bin/uwsgi
!!! no internal routing support, rebuild with pcre support !!!
*** WARNING: you are running uWSGI without its master process manager ***
your processes number limit is 15733
your memory page size is 4096 bytes
detected max file descriptor number: 1024
lock engine: pthread robust mutexes
thunder lock: disabled (you can enable it with --thunder-lock)
uwsgi socket 0 bound to TCP address 127.0.0.1:8081 fd 3
Python version: 3.6.3 |Anaconda, Inc.| (default, Nov 20 2017, 20:41:42)  [GCC 7.2.0]
Python main interpreter initialized at 0x142fa40
python threads support enabled
your server socket listen backlog is limited to 100 connections
your mercy for graceful operations on workers is 60 seconds
mapped 333504 bytes (325 KB) for 8 cores
*** Operational MODE: preforking+threaded ***
added /home/wsq/buptQuestionnaire-python/ to pythonpath.
WSGI app 0 (mountpoint='') ready in 0 seconds on interpreter 0x142fa40 pid: 64054 (default app)
mountpoint  already configured. skip.
*** uWSGI is running in multiple interpreter mode ***
spawned uWSGI worker 1 (pid: 64054, cores: 2)
spawned uWSGI worker 2 (pid: 64061, cores: 2)
spawned uWSGI worker 3 (pid: 64063, cores: 2)
spawned uWSGI worker 4 (pid: 64065, cores: 2)
*** Starting uWSGI 2.0.17 (64bit) on [Thu Mar 15 16:27:15 2018] ***
compiled with version: 4.5.3 on 15 March 2018 08:25:19
os: Linux-3.13.0-32-generic #57~precise1-Ubuntu SMP Tue Jul 15 03:51:20 UTC 2014
nodename: mongodbdev
machine: x86_64
clock source: unix
detected number of CPU cores: 1
current working directory: /home/wsq/buptQuestionnaire-python
detected binary path: /home/wsq/miniconda3/bin/uwsgi
!!! no internal routing support, rebuild with pcre support !!!
*** WARNING: you are running uWSGI without its master process manager ***
your processes number limit is 15733
your memory page size is 4096 bytes
detected max file descriptor number: 1024
lock engine: pthread robust mutexes
thunder lock: disabled (you can enable it with --thunder-lock)
probably another instance of uWSGI is running on the same address (127.0.0.1:8081).
bind(): Address already in use [core/socket.c line 769]
*** Starting uWSGI 2.0.17 (64bit) on [Thu Mar 15 16:31:24 2018] ***
compiled with version: 4.5.3 on 15 March 2018 08:25:19
os: Linux-3.13.0-32-generic #57~precise1-Ubuntu SMP Tue Jul 15 03:51:20 UTC 2014
nodename: mongodbdev
machine: x86_64
clock source: unix
detected number of CPU cores: 1
current working directory: /home/wsq/buptQuestionnaire-python
detected binary path: /home/wsq/miniconda3/bin/uwsgi
!!! no internal routing support, rebuild with pcre support !!!
*** WARNING: you are running uWSGI without its master process manager ***
your processes number limit is 15733
your memory page size is 4096 bytes
detected max file descriptor number: 1024
lock engine: pthread robust mutexes
thunder lock: disabled (you can enable it with --thunder-lock)
probably another instance of uWSGI is running on the same address (127.0.0.1:8081).
bind(): Address already in use [core/socket.c line 769]
*** Starting uWSGI 2.0.17 (64bit) on [Thu Mar 15 16:32:51 2018] ***
compiled with version: 4.5.3 on 15 March 2018 08:32:07
os: Linux-3.13.0-32-generic #57~precise1-Ubuntu SMP Tue Jul 15 03:51:20 UTC 2014
nodename: mongodbdev
machine: x86_64
clock source: unix
pcre jit disabled
detected number of CPU cores: 1
current working directory: /home/wsq/buptQuestionnaire-python
detected binary path: /home/wsq/miniconda3/bin/uwsgi
*** WARNING: you are running uWSGI without its master process manager ***
your processes number limit is 15733
your memory page size is 4096 bytes
detected max file descriptor number: 1024
lock engine: pthread robust mutexes
thunder lock: disabled (you can enable it with --thunder-lock)
probably another instance of uWSGI is running on the same address (127.0.0.1:8081).
bind(): Address already in use [core/socket.c line 769]
